 [LOGGER] 2024-06-07 01:06:23.713 PM ERROR : uncaughtException: date is not defined
ReferenceError: date is not defined
    at file:///D:/belajar/gamelab/Grocery%20Delivery%20APP/src/validation/report-validation.js:4:23
    at ModuleJob.run (node:internal/modules/esm/module_job:194:25)
 [LOGGER] 2024-06-07 01:06:23.711 PM ERROR : uncaughtException: date is not defined
ReferenceError: date is not defined
    at file:///D:/belajar/gamelab/Grocery%20Delivery%20APP/src/validation/report-validation.js:4:23
    at ModuleJob.run (node:internal/modules/esm/module_job:194:25)
 [LOGGER] 2024-06-07 01:07:50.802 PM ERROR : uncaughtException: date is not defined
ReferenceError: date is not defined
    at file:///D:/belajar/gamelab/Grocery%20Delivery%20APP/src/validation/report-validation.js:4:23
    at ModuleJob.run (node:internal/modules/esm/module_job:194:25)
 [LOGGER] 2024-06-07 01:07:50.825 PM ERROR : uncaughtException: date is not defined
ReferenceError: date is not defined
    at file:///D:/belajar/gamelab/Grocery%20Delivery%20APP/src/validation/report-validation.js:4:23
    at ModuleJob.run (node:internal/modules/esm/module_job:194:25)
 [LOGGER] 2024-06-07 01:13:25.903 PM ERROR : uncaughtException: listen EADDRINUSE: address already in use :::3000
Error: listen EADDRINUSE: address already in use :::3000
    at Server.setupListenHandle [as _listen2] (node:net:1751:16)
    at listenInCluster (node:net:1799:12)
    at Server.listen (node:net:1887:7)
    at Function.listen (D:\belajar\gamelab\Grocery Delivery APP\node_modules\express\lib\application.js:635:24)
    at file:///D:/belajar/gamelab/Grocery%20Delivery%20APP/index.js:6:5
    at ModuleJob.run (node:internal/modules/esm/module_job:194:25)
 [LOGGER] 2024-06-07 01:16:43.382 PM ERROR : Error in customReport function: [object Object]
 [LOGGER] 2024-06-07 01:16:43.384 PM ERROR : Error: [object Object]
    at validate (file:///D:/belajar/gamelab/Grocery%20Delivery%20APP/src/validation/validation.js:24:15)
    at customReport (file:///D:/belajar/gamelab/Grocery%20Delivery%20APP/src/controller/report-controller.js:65:30)
    at Layer.handle [as handle_request] (D:\belajar\gamelab\Grocery Delivery APP\node_modules\express\lib\router\layer.js:95:5)
    at next (D:\belajar\gamelab\Grocery Delivery APP\node_modules\express\lib\router\route.js:149:13)
    at authentication (file:///D:/belajar/gamelab/Grocery%20Delivery%20APP/src/middleware/auth-middleware.js:15:5)
    at Layer.handle [as handle_request] (D:\belajar\gamelab\Grocery Delivery APP\node_modules\express\lib\router\layer.js:95:5)
    at next (D:\belajar\gamelab\Grocery Delivery APP\node_modules\express\lib\router\route.js:149:13)
    at Route.dispatch (D:\belajar\gamelab\Grocery Delivery APP\node_modules\express\lib\router\route.js:119:3)
    at Layer.handle [as handle_request] (D:\belajar\gamelab\Grocery Delivery APP\node_modules\express\lib\router\layer.js:95:5)
    at D:\belajar\gamelab\Grocery Delivery APP\node_modules\express\lib\router\index.js:284:15
 [LOGGER] 2024-06-07 01:18:05.561 PM ERROR : Error in customReport function: [object Object]
 [LOGGER] 2024-06-07 01:18:05.562 PM ERROR : Error: [object Object]
    at validate (file:///D:/belajar/gamelab/Grocery%20Delivery%20APP/src/validation/validation.js:24:15)
    at customReport (file:///D:/belajar/gamelab/Grocery%20Delivery%20APP/src/controller/report-controller.js:65:30)
    at Layer.handle [as handle_request] (D:\belajar\gamelab\Grocery Delivery APP\node_modules\express\lib\router\layer.js:95:5)
    at next (D:\belajar\gamelab\Grocery Delivery APP\node_modules\express\lib\router\route.js:149:13)
    at authentication (file:///D:/belajar/gamelab/Grocery%20Delivery%20APP/src/middleware/auth-middleware.js:15:5)
    at Layer.handle [as handle_request] (D:\belajar\gamelab\Grocery Delivery APP\node_modules\express\lib\router\layer.js:95:5)
    at next (D:\belajar\gamelab\Grocery Delivery APP\node_modules\express\lib\router\route.js:149:13)
    at Route.dispatch (D:\belajar\gamelab\Grocery Delivery APP\node_modules\express\lib\router\route.js:119:3)
    at Layer.handle [as handle_request] (D:\belajar\gamelab\Grocery Delivery APP\node_modules\express\lib\router\layer.js:95:5)
    at D:\belajar\gamelab\Grocery Delivery APP\node_modules\express\lib\router\index.js:284:15
 [LOGGER] 2024-06-07 03:08:04.937 PM ERROR : uncaughtException: Route.get() requires a callback function but got a [object Undefined]
Error: Route.get() requires a callback function but got a [object Undefined]
    at Route.<computed> [as get] (D:\belajar\gamelab\Grocery Delivery APP\node_modules\express\lib\router\route.js:216:15)
    at proto.<computed> [as get] (D:\belajar\gamelab\Grocery Delivery APP\node_modules\express\lib\router\index.js:521:19)
    at file:///D:/belajar/gamelab/Grocery%20Delivery%20APP/src/router/dashboard-routes.js:7:8
    at ModuleJob.run (node:internal/modules/esm/module_job:194:25)
 [LOGGER] 2024-06-07 03:17:21.347 PM ERROR : Error in login function: User not active
 [LOGGER] 2024-06-07 03:17:21.349 PM ERROR : Error: User not active
    at login (file:///D:/belajar/gamelab/Grocery%20Delivery%20APP/src/controller/auth-controller.js:136:41)
 [LOGGER] 2024-06-07 04:41:41.602 PM ERROR : Error create order function in: Insufficient stock for product Test again popop. Available stock: 2, requested: 5
 [LOGGER] 2024-06-07 04:41:41.605 PM ERROR : Error: Insufficient stock for product Test again popop. Available stock: 2, requested: 5
    at file:///D:/belajar/gamelab/Grocery%20Delivery%20APP/src/controller/order-controller.js:58:27
    at async Proxy._transactionWithCallback (D:\belajar\gamelab\Grocery Delivery APP\node_modules\@prisma\client\runtime\library.js:127:9534)
    at async createOrder (file:///D:/belajar/gamelab/Grocery%20Delivery%20APP/src/controller/order-controller.js:50:9)
 [LOGGER] 2024-06-07 04:41:56.951 PM ERROR : Error create order function in: Insufficient stock for product Test again popop. Available stock: 2, requested: 3
 [LOGGER] 2024-06-07 04:41:56.952 PM ERROR : Error: Insufficient stock for product Test again popop. Available stock: 2, requested: 3
    at file:///D:/belajar/gamelab/Grocery%20Delivery%20APP/src/controller/order-controller.js:58:27
    at async Proxy._transactionWithCallback (D:\belajar\gamelab\Grocery Delivery APP\node_modules\@prisma\client\runtime\library.js:127:9534)
    at async createOrder (file:///D:/belajar/gamelab/Grocery%20Delivery%20APP/src/controller/order-controller.js:50:9)
 [LOGGER] 2024-06-07 04:42:04.250 PM ERROR : Error create order function in: transactionToken is not defined
 [LOGGER] 2024-06-07 04:42:04.250 PM ERROR : ReferenceError: transactionToken is not defined
    at file:///D:/belajar/gamelab/Grocery%20Delivery%20APP/src/controller/order-controller.js:71:36
    at async Proxy._transactionWithCallback (D:\belajar\gamelab\Grocery Delivery APP\node_modules\@prisma\client\runtime\library.js:127:9534)
    at async createOrder (file:///D:/belajar/gamelab/Grocery%20Delivery%20APP/src/controller/order-controller.js:50:9)
 [LOGGER] 2024-06-07 04:54:27.263 PM ERROR : Error create order function in: Insufficient stock for product popo. Available stock: 5, requested: 7
 [LOGGER] 2024-06-07 04:54:27.266 PM ERROR : Error: Insufficient stock for product popo. Available stock: 5, requested: 7
    at file:///D:/belajar/gamelab/Grocery%20Delivery%20APP/src/controller/order-controller.js:60:27
    at async Proxy._transactionWithCallback (D:\belajar\gamelab\Grocery Delivery APP\node_modules\@prisma\client\runtime\library.js:127:9534)
    at async createOrder (file:///D:/belajar/gamelab/Grocery%20Delivery%20APP/src/controller/order-controller.js:52:9)
 [LOGGER] 2024-06-07 04:54:58.249 PM ERROR : Error create order function in: transactionToken is not defined
 [LOGGER] 2024-06-07 04:54:58.249 PM ERROR : ReferenceError: transactionToken is not defined
    at createOrder (file:///D:/belajar/gamelab/Grocery%20Delivery%20APP/src/controller/order-controller.js:186:21)
 [LOGGER] 2024-06-07 04:57:19.988 PM ERROR : Error create order function in: Insufficient stock for product Test again popop. Available stock: 1, requested: 2
 [LOGGER] 2024-06-07 04:57:19.992 PM ERROR : Error: Insufficient stock for product Test again popop. Available stock: 1, requested: 2
    at file:///D:/belajar/gamelab/Grocery%20Delivery%20APP/src/controller/order-controller.js:61:27
    at async Proxy._transactionWithCallback (D:\belajar\gamelab\Grocery Delivery APP\node_modules\@prisma\client\runtime\library.js:127:9534)
    at async createOrder (file:///D:/belajar/gamelab/Grocery%20Delivery%20APP/src/controller/order-controller.js:53:9)
