 [LOGGER] 2024-05-28 02:06:29.683 AM ERROR : uncaughtException: Unexpected token } in JSON at position 98598
SyntaxError: Unexpected token } in JSON at position 98598
    at JSON.parse (<anonymous>)
    at file:///D:/belajar/gamelab/Grocery%20Delivery%20APP/src/utils/web.js:11:26
    at ModuleJob.run (node:internal/modules/esm/module_job:194:25)
 [LOGGER] 2024-05-28 02:06:37.900 AM ERROR : uncaughtException: Unexpected end of JSON input
SyntaxError: Unexpected end of JSON input
    at JSON.parse (<anonymous>)
    at file:///D:/belajar/gamelab/Grocery%20Delivery%20APP/src/utils/web.js:11:26
    at ModuleJob.run (node:internal/modules/esm/module_job:194:25)
 [LOGGER] 2024-05-28 02:21:44.852 AM ERROR : Error in login function: User not active
 [LOGGER] 2024-05-28 02:21:44.854 AM ERROR : Error: User not active
    at login (file:///D:/belajar/gamelab/Grocery%20Delivery%20APP/src/controller/user-controller.js:133:41)
 [LOGGER] 2024-05-28 02:22:16.051 AM ERROR : Error in login function: Email or Password Wrong
 [LOGGER] 2024-05-28 02:22:16.052 AM ERROR : Error: Email or Password Wrong
    at login (file:///D:/belajar/gamelab/Grocery%20Delivery%20APP/src/controller/user-controller.js:135:37)
 [LOGGER] 2024-05-28 02:23:58.085 AM ERROR : uncaughtException: Route.get() requires a callback function but got a [object Undefined]
Error: Route.get() requires a callback function but got a [object Undefined]
    at Route.<computed> [as get] (D:\belajar\gamelab\Grocery Delivery APP\node_modules\express\lib\router\route.js:216:15)
    at proto.<computed> [as get] (D:\belajar\gamelab\Grocery Delivery APP\node_modules\express\lib\router\index.js:521:19)
    at file:///D:/belajar/gamelab/Grocery%20Delivery%20APP/src/router/api.js:29:8
    at ModuleJob.run (node:internal/modules/esm/module_job:194:25)
 [LOGGER] 2024-05-28 02:31:56.723 AM ERROR : Error in get product function: Product not found
 [LOGGER] 2024-05-28 02:31:56.725 AM ERROR : Error: Product not found
    at getProduct (file:///D:/belajar/gamelab/Grocery%20Delivery%20APP/src/controller/products-controller.js:62:27)
 [LOGGER] 2024-05-28 02:32:20.588 AM ERROR : Error in get product function: Product not found
 [LOGGER] 2024-05-28 02:32:20.590 AM ERROR : Error: Product not found
    at getProduct (file:///D:/belajar/gamelab/Grocery%20Delivery%20APP/src/controller/products-controller.js:62:27)
 [LOGGER] 2024-05-28 02:33:59.680 AM ERROR : Error in get product function: Product not found
 [LOGGER] 2024-05-28 02:33:59.681 AM ERROR : Error: Product not found
    at getProduct (file:///D:/belajar/gamelab/Grocery%20Delivery%20APP/src/controller/products-controller.js:59:33)
 [LOGGER] 2024-05-28 02:34:25.244 AM ERROR : Error in get product function: Product not found
 [LOGGER] 2024-05-28 02:34:25.246 AM ERROR : Error: Product not found
    at getProduct (file:///D:/belajar/gamelab/Grocery%20Delivery%20APP/src/controller/products-controller.js:59:34)
 [LOGGER] 2024-05-28 02:34:29.199 AM ERROR : Error in get product function: Product not found
 [LOGGER] 2024-05-28 02:34:29.200 AM ERROR : Error: Product not found
    at getProduct (file:///D:/belajar/gamelab/Grocery%20Delivery%20APP/src/controller/products-controller.js:59:34)
 [LOGGER] 2024-05-28 02:34:33.184 AM ERROR : Error in get product function: Product not found
 [LOGGER] 2024-05-28 02:34:33.185 AM ERROR : Error: Product not found
    at getProduct (file:///D:/belajar/gamelab/Grocery%20Delivery%20APP/src/controller/products-controller.js:59:34)
 [LOGGER] 2024-05-28 02:34:46.043 AM ERROR : Error in get product function: Product not found
 [LOGGER] 2024-05-28 02:34:46.044 AM ERROR : Error: Product not found
    at getProduct (file:///D:/belajar/gamelab/Grocery%20Delivery%20APP/src/controller/products-controller.js:59:34)
 [LOGGER] 2024-05-28 02:42:02.239 AM ERROR : Error in setActivateUser function: User not found
 [LOGGER] 2024-05-28 02:42:02.242 AM ERROR : Error: User not found
    at setActivateUser (file:///D:/belajar/gamelab/Grocery%20Delivery%20APP/src/controller/user-controller.js:90:19)
 [LOGGER] 2024-05-28 02:42:43.858 AM ERROR : Error in setActivateUser function: User not found
 [LOGGER] 2024-05-28 02:42:43.859 AM ERROR : Error: User not found
    at setActivateUser (file:///D:/belajar/gamelab/Grocery%20Delivery%20APP/src/controller/user-controller.js:90:19)
 [LOGGER] 2024-05-28 02:43:48.187 AM ERROR : Error in setActivateUser function: User not found
 [LOGGER] 2024-05-28 02:43:48.189 AM ERROR : Error: User not found
    at setActivateUser (file:///D:/belajar/gamelab/Grocery%20Delivery%20APP/src/controller/user-controller.js:90:19)
 [LOGGER] 2024-05-28 02:43:52.061 AM ERROR : Error in setActivateUser function: User not found
 [LOGGER] 2024-05-28 02:43:52.062 AM ERROR : Error: User not found
    at setActivateUser (file:///D:/belajar/gamelab/Grocery%20Delivery%20APP/src/controller/user-controller.js:90:19)
 [LOGGER] 2024-05-28 02:44:26.039 AM ERROR : Error in login function: Email or Password Wrong
 [LOGGER] 2024-05-28 02:44:26.040 AM ERROR : Error: Email or Password Wrong
    at login (file:///D:/belajar/gamelab/Grocery%20Delivery%20APP/src/controller/user-controller.js:135:37)
 [LOGGER] 2024-05-28 02:44:27.763 AM ERROR : Error in login function: Email or Password Wrong
 [LOGGER] 2024-05-28 02:44:27.764 AM ERROR : Error: Email or Password Wrong
    at login (file:///D:/belajar/gamelab/Grocery%20Delivery%20APP/src/controller/user-controller.js:135:37)
 [LOGGER] 2024-05-28 03:01:44.746 AM ERROR : Error in get product function: Product not found
 [LOGGER] 2024-05-28 03:01:44.748 AM ERROR : Error: Product not found
    at getProduct (file:///D:/belajar/gamelab/Grocery%20Delivery%20APP/src/controller/products-controller.js:59:34)
 [LOGGER] 2024-05-28 03:04:50.360 AM ERROR : Error in get product by category function: Product not found
 [LOGGER] 2024-05-28 03:04:50.361 AM ERROR : Error: Product not found
    at getProductByCategory (file:///D:/belajar/gamelab/Grocery%20Delivery%20APP/src/controller/products-controller.js:151:40)
 [LOGGER] 2024-05-28 03:06:03.112 AM ERROR : Error in get product by category function: Product not found
 [LOGGER] 2024-05-28 03:06:03.114 AM ERROR : Error: Product not found
    at getProductByCategory (file:///D:/belajar/gamelab/Grocery%20Delivery%20APP/src/controller/products-controller.js:154:40)
 [LOGGER] 2024-05-28 03:19:12.081 AM ERROR : Error in login function: Email or Password Wrong
 [LOGGER] 2024-05-28 03:19:12.084 AM ERROR : Error: Email or Password Wrong
    at login (file:///D:/belajar/gamelab/Grocery%20Delivery%20APP/src/controller/user-controller.js:135:37)
 [LOGGER] 2024-05-28 03:20:01.271 AM ERROR : Error in login function: Email or Password Wrong
 [LOGGER] 2024-05-28 03:20:01.272 AM ERROR : Error: Email or Password Wrong
    at login (file:///D:/belajar/gamelab/Grocery%20Delivery%20APP/src/controller/user-controller.js:135:37)
 [LOGGER] 2024-05-28 03:20:29.997 AM ERROR : Error in login function: Email or Password Wrong
 [LOGGER] 2024-05-28 03:20:29.998 AM ERROR : Error: Email or Password Wrong
    at login (file:///D:/belajar/gamelab/Grocery%20Delivery%20APP/src/controller/user-controller.js:135:37)
 [LOGGER] 2024-05-28 03:21:33.353 AM ERROR : Error in login function: [object Object]
 [LOGGER] 2024-05-28 03:21:33.354 AM ERROR : Error: [object Object]
    at validate (file:///D:/belajar/gamelab/Grocery%20Delivery%20APP/src/validation/validation.js:24:15)
    at login (file:///D:/belajar/gamelab/Grocery%20Delivery%20APP/src/controller/user-controller.js:118:33)
    at Layer.handle [as handle_request] (D:\belajar\gamelab\Grocery Delivery APP\node_modules\express\lib\router\layer.js:95:5)
    at next (D:\belajar\gamelab\Grocery Delivery APP\node_modules\express\lib\router\route.js:149:13)
    at Route.dispatch (D:\belajar\gamelab\Grocery Delivery APP\node_modules\express\lib\router\route.js:119:3)
    at Layer.handle [as handle_request] (D:\belajar\gamelab\Grocery Delivery APP\node_modules\express\lib\router\layer.js:95:5)
    at D:\belajar\gamelab\Grocery Delivery APP\node_modules\express\lib\router\index.js:284:15
    at Function.process_params (D:\belajar\gamelab\Grocery Delivery APP\node_modules\express\lib\router\index.js:346:12)
    at next (D:\belajar\gamelab\Grocery Delivery APP\node_modules\express\lib\router\index.js:280:10)
    at Function.handle (D:\belajar\gamelab\Grocery Delivery APP\node_modules\express\lib\router\index.js:175:3)
 [LOGGER] 2024-05-28 03:21:45.533 AM ERROR : Error in login function: [object Object]
 [LOGGER] 2024-05-28 03:21:45.535 AM ERROR : Error: [object Object]
    at validate (file:///D:/belajar/gamelab/Grocery%20Delivery%20APP/src/validation/validation.js:24:15)
    at login (file:///D:/belajar/gamelab/Grocery%20Delivery%20APP/src/controller/user-controller.js:118:33)
    at Layer.handle [as handle_request] (D:\belajar\gamelab\Grocery Delivery APP\node_modules\express\lib\router\layer.js:95:5)
    at next (D:\belajar\gamelab\Grocery Delivery APP\node_modules\express\lib\router\route.js:149:13)
    at Route.dispatch (D:\belajar\gamelab\Grocery Delivery APP\node_modules\express\lib\router\route.js:119:3)
    at Layer.handle [as handle_request] (D:\belajar\gamelab\Grocery Delivery APP\node_modules\express\lib\router\layer.js:95:5)
    at D:\belajar\gamelab\Grocery Delivery APP\node_modules\express\lib\router\index.js:284:15
    at Function.process_params (D:\belajar\gamelab\Grocery Delivery APP\node_modules\express\lib\router\index.js:346:12)
    at next (D:\belajar\gamelab\Grocery Delivery APP\node_modules\express\lib\router\index.js:280:10)
    at Function.handle (D:\belajar\gamelab\Grocery Delivery APP\node_modules\express\lib\router\index.js:175:3)
 [LOGGER] 2024-05-28 03:22:01.676 AM ERROR : Error in login function: Email or Password Wrong
 [LOGGER] 2024-05-28 03:22:01.677 AM ERROR : Error: Email or Password Wrong
    at login (file:///D:/belajar/gamelab/Grocery%20Delivery%20APP/src/controller/user-controller.js:135:37)
 [LOGGER] 2024-05-28 03:22:42.655 AM ERROR : Error in login function: Email or Password Wrong
 [LOGGER] 2024-05-28 03:22:42.656 AM ERROR : Error: Email or Password Wrong
    at login (file:///D:/belajar/gamelab/Grocery%20Delivery%20APP/src/controller/user-controller.js:135:37)
 [LOGGER] 2024-05-28 03:23:57.241 AM ERROR : Email has been registered and is active
 [LOGGER] 2024-05-28 03:23:57.242 AM ERROR : Error: Email has been registered and is active
    at register (file:///D:/belajar/gamelab/Grocery%20Delivery%20APP/src/controller/user-controller.js:27:23)
 [LOGGER] 2024-05-28 03:25:36.759 AM ERROR : Error in setActivateUser function: User not found
 [LOGGER] 2024-05-28 03:25:36.775 AM ERROR : Error: User not found
    at setActivateUser (file:///D:/belajar/gamelab/Grocery%20Delivery%20APP/src/controller/user-controller.js:90:19)
 [LOGGER] 2024-05-28 03:28:25.063 AM ERROR : Error in setActivateUser function: User not found
 [LOGGER] 2024-05-28 03:28:25.065 AM ERROR : Error: User not found
    at setActivateUser (file:///D:/belajar/gamelab/Grocery%20Delivery%20APP/src/controller/user-controller.js:90:19)
 [LOGGER] 2024-05-28 07:02:21.612 AM ERROR : Error in forgotPassword function: getaddrinfo ENOTFOUND smtp.gmail.com
 [LOGGER] 2024-05-28 07:02:21.614 AM ERROR : Error: getaddrinfo ENOTFOUND smtp.gmail.com
    at GetAddrInfoReqWrap.onlookupall [as oncomplete] (node:dns:119:26)
 [LOGGER] 2024-05-28 07:03:53.876 AM ERROR : Error in validToken function: Expired Token Reset Password
 [LOGGER] 2024-05-28 07:03:53.878 AM ERROR : Error: Expired Token Reset Password
    at validToken (file:///D:/belajar/gamelab/Grocery%20Delivery%20APP/src/controller/user-controller.js:243:40)
 [LOGGER] 2024-05-28 07:23:55.011 AM ERROR : Error in create product function: Cannot read properties of undefined (reading 'filename')
 [LOGGER] 2024-05-28 07:23:55.015 AM ERROR : TypeError: Cannot read properties of undefined (reading 'filename')
    at createProduct (file:///D:/belajar/gamelab/Grocery%20Delivery%20APP/src/controller/products-controller.js:12:34)
    at Layer.handle [as handle_request] (D:\belajar\gamelab\Grocery Delivery APP\node_modules\express\lib\router\layer.js:95:5)
    at next (D:\belajar\gamelab\Grocery Delivery APP\node_modules\express\lib\router\route.js:149:13)
    at multerMiddleware (D:\belajar\gamelab\Grocery Delivery APP\node_modules\multer\lib\make-middleware.js:13:41)
    at Layer.handle [as handle_request] (D:\belajar\gamelab\Grocery Delivery APP\node_modules\express\lib\router\layer.js:95:5)
    at next (D:\belajar\gamelab\Grocery Delivery APP\node_modules\express\lib\router\route.js:149:13)
    at authentication (file:///D:/belajar/gamelab/Grocery%20Delivery%20APP/src/middleware/auth-middleware.js:15:5)
    at Layer.handle [as handle_request] (D:\belajar\gamelab\Grocery Delivery APP\node_modules\express\lib\router\layer.js:95:5)
    at next (D:\belajar\gamelab\Grocery Delivery APP\node_modules\express\lib\router\route.js:149:13)
    at Route.dispatch (D:\belajar\gamelab\Grocery Delivery APP\node_modules\express\lib\router\route.js:119:3)
 [LOGGER] 2024-05-28 07:24:49.611 AM ERROR : Error in create product function: [object Object]
 [LOGGER] 2024-05-28 07:24:49.613 AM ERROR : Error: [object Object]
    at validate (file:///D:/belajar/gamelab/Grocery%20Delivery%20APP/src/validation/validation.js:24:15)
    at createProduct (file:///D:/belajar/gamelab/Grocery%20Delivery%20APP/src/controller/products-controller.js:13:30)
    at Layer.handle [as handle_request] (D:\belajar\gamelab\Grocery Delivery APP\node_modules\express\lib\router\layer.js:95:5)
    at next (D:\belajar\gamelab\Grocery Delivery APP\node_modules\express\lib\router\route.js:149:13)
    at multerMiddleware (D:\belajar\gamelab\Grocery Delivery APP\node_modules\multer\lib\make-middleware.js:13:41)
    at Layer.handle [as handle_request] (D:\belajar\gamelab\Grocery Delivery APP\node_modules\express\lib\router\layer.js:95:5)
    at next (D:\belajar\gamelab\Grocery Delivery APP\node_modules\express\lib\router\route.js:149:13)
    at authentication (file:///D:/belajar/gamelab/Grocery%20Delivery%20APP/src/middleware/auth-middleware.js:15:5)
    at Layer.handle [as handle_request] (D:\belajar\gamelab\Grocery Delivery APP\node_modules\express\lib\router\layer.js:95:5)
    at next (D:\belajar\gamelab\Grocery Delivery APP\node_modules\express\lib\router\route.js:149:13)
 [LOGGER] 2024-05-28 07:25:07.599 AM ERROR : Error in create product function: [object Object]
 [LOGGER] 2024-05-28 07:25:07.600 AM ERROR : Error: [object Object]
    at validate (file:///D:/belajar/gamelab/Grocery%20Delivery%20APP/src/validation/validation.js:24:15)
    at createProduct (file:///D:/belajar/gamelab/Grocery%20Delivery%20APP/src/controller/products-controller.js:13:30)
    at Layer.handle [as handle_request] (D:\belajar\gamelab\Grocery Delivery APP\node_modules\express\lib\router\layer.js:95:5)
    at next (D:\belajar\gamelab\Grocery Delivery APP\node_modules\express\lib\router\route.js:149:13)
    at multerMiddleware (D:\belajar\gamelab\Grocery Delivery APP\node_modules\multer\lib\make-middleware.js:13:41)
    at Layer.handle [as handle_request] (D:\belajar\gamelab\Grocery Delivery APP\node_modules\express\lib\router\layer.js:95:5)
    at next (D:\belajar\gamelab\Grocery Delivery APP\node_modules\express\lib\router\route.js:149:13)
    at authentication (file:///D:/belajar/gamelab/Grocery%20Delivery%20APP/src/middleware/auth-middleware.js:15:5)
    at Layer.handle [as handle_request] (D:\belajar\gamelab\Grocery Delivery APP\node_modules\express\lib\router\layer.js:95:5)
    at next (D:\belajar\gamelab\Grocery Delivery APP\node_modules\express\lib\router\route.js:149:13)
 [LOGGER] 2024-05-28 07:26:18.459 AM ERROR : Error in create product function: [object Object]
 [LOGGER] 2024-05-28 07:26:18.460 AM ERROR : Error: [object Object]
    at validate (file:///D:/belajar/gamelab/Grocery%20Delivery%20APP/src/validation/validation.js:24:15)
    at createProduct (file:///D:/belajar/gamelab/Grocery%20Delivery%20APP/src/controller/products-controller.js:13:30)
    at Layer.handle [as handle_request] (D:\belajar\gamelab\Grocery Delivery APP\node_modules\express\lib\router\layer.js:95:5)
    at next (D:\belajar\gamelab\Grocery Delivery APP\node_modules\express\lib\router\route.js:149:13)
    at multerMiddleware (D:\belajar\gamelab\Grocery Delivery APP\node_modules\multer\lib\make-middleware.js:13:41)
    at Layer.handle [as handle_request] (D:\belajar\gamelab\Grocery Delivery APP\node_modules\express\lib\router\layer.js:95:5)
    at next (D:\belajar\gamelab\Grocery Delivery APP\node_modules\express\lib\router\route.js:149:13)
    at authentication (file:///D:/belajar/gamelab/Grocery%20Delivery%20APP/src/middleware/auth-middleware.js:15:5)
    at Layer.handle [as handle_request] (D:\belajar\gamelab\Grocery Delivery APP\node_modules\express\lib\router\layer.js:95:5)
    at next (D:\belajar\gamelab\Grocery Delivery APP\node_modules\express\lib\router\route.js:149:13)
 [LOGGER] 2024-05-28 07:26:47.836 AM ERROR : Error in create product function: [object Object]
 [LOGGER] 2024-05-28 07:26:47.837 AM ERROR : Error: [object Object]
    at validate (file:///D:/belajar/gamelab/Grocery%20Delivery%20APP/src/validation/validation.js:24:15)
    at createProduct (file:///D:/belajar/gamelab/Grocery%20Delivery%20APP/src/controller/products-controller.js:13:30)
    at Layer.handle [as handle_request] (D:\belajar\gamelab\Grocery Delivery APP\node_modules\express\lib\router\layer.js:95:5)
    at next (D:\belajar\gamelab\Grocery Delivery APP\node_modules\express\lib\router\route.js:149:13)
    at multerMiddleware (D:\belajar\gamelab\Grocery Delivery APP\node_modules\multer\lib\make-middleware.js:13:41)
    at Layer.handle [as handle_request] (D:\belajar\gamelab\Grocery Delivery APP\node_modules\express\lib\router\layer.js:95:5)
    at next (D:\belajar\gamelab\Grocery Delivery APP\node_modules\express\lib\router\route.js:149:13)
    at authentication (file:///D:/belajar/gamelab/Grocery%20Delivery%20APP/src/middleware/auth-middleware.js:15:5)
    at Layer.handle [as handle_request] (D:\belajar\gamelab\Grocery Delivery APP\node_modules\express\lib\router\layer.js:95:5)
    at next (D:\belajar\gamelab\Grocery Delivery APP\node_modules\express\lib\router\route.js:149:13)
 [LOGGER] 2024-05-28 07:27:34.986 AM ERROR : Error in create product function: Product already exist
 [LOGGER] 2024-05-28 07:27:34.987 AM ERROR : Error: Product already exist
    at createProduct (file:///D:/belajar/gamelab/Grocery%20Delivery%20APP/src/controller/products-controller.js:16:33)
 [LOGGER] 2024-05-28 07:30:51.311 AM ERROR : Error in get product function: Product not found
 [LOGGER] 2024-05-28 07:30:51.314 AM ERROR : Error: Product not found
    at getProduct (file:///D:/belajar/gamelab/Grocery%20Delivery%20APP/src/controller/products-controller.js:62:34)
 [LOGGER] 2024-05-28 07:32:02.899 AM ERROR : Error in delete product function: Product not found
 [LOGGER] 2024-05-28 07:32:02.902 AM ERROR : Error: Product not found
    at deleteProduct (file:///D:/belajar/gamelab/Grocery%20Delivery%20APP/src/controller/products-controller.js:125:34)
 [LOGGER] 2024-05-28 07:39:48.295 AM ERROR : Error in update cart function: Cart not found
 [LOGGER] 2024-05-28 07:39:48.297 AM ERROR : Error: Cart not found
    at updateCart (file:///D:/belajar/gamelab/Grocery%20Delivery%20APP/src/controller/cart-controller.js:191:31)
 [LOGGER] 2024-05-28 07:41:37.076 AM ERROR : Error in update cart function: [object Object]
 [LOGGER] 2024-05-28 07:41:37.078 AM ERROR : Error: [object Object]
    at validate (file:///D:/belajar/gamelab/Grocery%20Delivery%20APP/src/validation/validation.js:24:15)
    at updateCart (file:///D:/belajar/gamelab/Grocery%20Delivery%20APP/src/controller/cart-controller.js:193:30)
 [LOGGER] 2024-05-28 07:44:14.639 AM ERROR : Error in update cart function: [object Object]
 [LOGGER] 2024-05-28 07:44:14.640 AM ERROR : Error: [object Object]
    at validate (file:///D:/belajar/gamelab/Grocery%20Delivery%20APP/src/validation/validation.js:24:15)
    at updateCart (file:///D:/belajar/gamelab/Grocery%20Delivery%20APP/src/controller/cart-controller.js:193:30)
 [LOGGER] 2024-05-28 07:44:16.959 AM ERROR : Error in update cart function: [object Object]
 [LOGGER] 2024-05-28 07:44:16.966 AM ERROR : Error: [object Object]
    at validate (file:///D:/belajar/gamelab/Grocery%20Delivery%20APP/src/validation/validation.js:24:15)
    at updateCart (file:///D:/belajar/gamelab/Grocery%20Delivery%20APP/src/controller/cart-controller.js:193:30)
