 [LOGGER] 2024-06-08 01:54:06.005 PM ERROR : Error in changePassword function: [object Object]
 [LOGGER] 2024-06-08 01:54:06.009 PM ERROR : Error: [object Object]
    at validate (file:///D:/belajar/gamelab/Grocery%20Delivery%20APP/src/validation/validation.js:24:15)
    at changePassword (file:///D:/belajar/gamelab/Grocery%20Delivery%20APP/src/controller/user-controller.js:193:28)
    at Layer.handle [as handle_request] (D:\belajar\gamelab\Grocery Delivery APP\node_modules\express\lib\router\layer.js:95:5)
    at next (D:\belajar\gamelab\Grocery Delivery APP\node_modules\express\lib\router\route.js:149:13)
    at authentication (file:///D:/belajar/gamelab/Grocery%20Delivery%20APP/src/middleware/auth-middleware.js:15:5)
    at Layer.handle [as handle_request] (D:\belajar\gamelab\Grocery Delivery APP\node_modules\express\lib\router\layer.js:95:5)
    at next (D:\belajar\gamelab\Grocery Delivery APP\node_modules\express\lib\router\route.js:149:13)
    at Route.dispatch (D:\belajar\gamelab\Grocery Delivery APP\node_modules\express\lib\router\route.js:119:3)
    at Layer.handle [as handle_request] (D:\belajar\gamelab\Grocery Delivery APP\node_modules\express\lib\router\layer.js:95:5)
    at D:\belajar\gamelab\Grocery Delivery APP\node_modules\express\lib\router\index.js:284:15
 [LOGGER] 2024-06-08 01:54:15.284 PM ERROR : Error in changePassword function: Password is incorrect
 [LOGGER] 2024-06-08 01:54:15.285 PM ERROR : Error: Password is incorrect
    at changePassword (file:///D:/belajar/gamelab/Grocery%20Delivery%20APP/src/controller/user-controller.js:208:19)
 [LOGGER] 2024-06-08 01:54:28.851 PM ERROR : Error in changePassword function: [object Object]
 [LOGGER] 2024-06-08 01:54:28.852 PM ERROR : Error: [object Object]
    at validate (file:///D:/belajar/gamelab/Grocery%20Delivery%20APP/src/validation/validation.js:24:15)
    at changePassword (file:///D:/belajar/gamelab/Grocery%20Delivery%20APP/src/controller/user-controller.js:193:28)
    at Layer.handle [as handle_request] (D:\belajar\gamelab\Grocery Delivery APP\node_modules\express\lib\router\layer.js:95:5)
    at next (D:\belajar\gamelab\Grocery Delivery APP\node_modules\express\lib\router\route.js:149:13)
    at authentication (file:///D:/belajar/gamelab/Grocery%20Delivery%20APP/src/middleware/auth-middleware.js:15:5)
    at Layer.handle [as handle_request] (D:\belajar\gamelab\Grocery Delivery APP\node_modules\express\lib\router\layer.js:95:5)
    at next (D:\belajar\gamelab\Grocery Delivery APP\node_modules\express\lib\router\route.js:149:13)
    at Route.dispatch (D:\belajar\gamelab\Grocery Delivery APP\node_modules\express\lib\router\route.js:119:3)
    at Layer.handle [as handle_request] (D:\belajar\gamelab\Grocery Delivery APP\node_modules\express\lib\router\layer.js:95:5)
    at D:\belajar\gamelab\Grocery Delivery APP\node_modules\express\lib\router\index.js:284:15
 [LOGGER] 2024-06-08 01:54:38.463 PM ERROR : Error in changePassword function: [object Object]
 [LOGGER] 2024-06-08 01:54:38.465 PM ERROR : Error: [object Object]
    at validate (file:///D:/belajar/gamelab/Grocery%20Delivery%20APP/src/validation/validation.js:24:15)
    at changePassword (file:///D:/belajar/gamelab/Grocery%20Delivery%20APP/src/controller/user-controller.js:193:28)
    at Layer.handle [as handle_request] (D:\belajar\gamelab\Grocery Delivery APP\node_modules\express\lib\router\layer.js:95:5)
    at next (D:\belajar\gamelab\Grocery Delivery APP\node_modules\express\lib\router\route.js:149:13)
    at authentication (file:///D:/belajar/gamelab/Grocery%20Delivery%20APP/src/middleware/auth-middleware.js:15:5)
    at Layer.handle [as handle_request] (D:\belajar\gamelab\Grocery Delivery APP\node_modules\express\lib\router\layer.js:95:5)
    at next (D:\belajar\gamelab\Grocery Delivery APP\node_modules\express\lib\router\route.js:149:13)
    at Route.dispatch (D:\belajar\gamelab\Grocery Delivery APP\node_modules\express\lib\router\route.js:119:3)
    at Layer.handle [as handle_request] (D:\belajar\gamelab\Grocery Delivery APP\node_modules\express\lib\router\layer.js:95:5)
    at D:\belajar\gamelab\Grocery Delivery APP\node_modules\express\lib\router\index.js:284:15
 [LOGGER] 2024-06-08 02:03:49.208 PM ERROR : Error in changePassword function: Password is incorrect
 [LOGGER] 2024-06-08 02:03:49.210 PM ERROR : Error: Password is incorrect
    at changePassword (file:///D:/belajar/gamelab/Grocery%20Delivery%20APP/src/controller/user-controller.js:208:19)
 [LOGGER] 2024-06-08 02:04:02.074 PM ERROR : Error in changePassword function: [object Object]
 [LOGGER] 2024-06-08 02:04:02.075 PM ERROR : Error: [object Object]
    at validate (file:///D:/belajar/gamelab/Grocery%20Delivery%20APP/src/validation/validation.js:24:15)
    at changePassword (file:///D:/belajar/gamelab/Grocery%20Delivery%20APP/src/controller/user-controller.js:193:28)
    at Layer.handle [as handle_request] (D:\belajar\gamelab\Grocery Delivery APP\node_modules\express\lib\router\layer.js:95:5)
    at next (D:\belajar\gamelab\Grocery Delivery APP\node_modules\express\lib\router\route.js:149:13)
    at authentication (file:///D:/belajar/gamelab/Grocery%20Delivery%20APP/src/middleware/auth-middleware.js:15:5)
    at Layer.handle [as handle_request] (D:\belajar\gamelab\Grocery Delivery APP\node_modules\express\lib\router\layer.js:95:5)
    at next (D:\belajar\gamelab\Grocery Delivery APP\node_modules\express\lib\router\route.js:149:13)
    at Route.dispatch (D:\belajar\gamelab\Grocery Delivery APP\node_modules\express\lib\router\route.js:119:3)
    at Layer.handle [as handle_request] (D:\belajar\gamelab\Grocery Delivery APP\node_modules\express\lib\router\layer.js:95:5)
    at D:\belajar\gamelab\Grocery Delivery APP\node_modules\express\lib\router\index.js:284:15
 [LOGGER] 2024-06-08 02:04:06.595 PM ERROR : Error in changePassword function: [object Object]
 [LOGGER] 2024-06-08 02:04:06.597 PM ERROR : Error: [object Object]
    at validate (file:///D:/belajar/gamelab/Grocery%20Delivery%20APP/src/validation/validation.js:24:15)
    at changePassword (file:///D:/belajar/gamelab/Grocery%20Delivery%20APP/src/controller/user-controller.js:193:28)
    at Layer.handle [as handle_request] (D:\belajar\gamelab\Grocery Delivery APP\node_modules\express\lib\router\layer.js:95:5)
    at next (D:\belajar\gamelab\Grocery Delivery APP\node_modules\express\lib\router\route.js:149:13)
    at authentication (file:///D:/belajar/gamelab/Grocery%20Delivery%20APP/src/middleware/auth-middleware.js:15:5)
    at Layer.handle [as handle_request] (D:\belajar\gamelab\Grocery Delivery APP\node_modules\express\lib\router\layer.js:95:5)
    at next (D:\belajar\gamelab\Grocery Delivery APP\node_modules\express\lib\router\route.js:149:13)
    at Route.dispatch (D:\belajar\gamelab\Grocery Delivery APP\node_modules\express\lib\router\route.js:119:3)
    at Layer.handle [as handle_request] (D:\belajar\gamelab\Grocery Delivery APP\node_modules\express\lib\router\layer.js:95:5)
    at D:\belajar\gamelab\Grocery Delivery APP\node_modules\express\lib\router\index.js:284:15
 [LOGGER] 2024-06-08 02:04:13.714 PM ERROR : Error in changePassword function: [object Object]
 [LOGGER] 2024-06-08 02:04:13.716 PM ERROR : Error: [object Object]
    at validate (file:///D:/belajar/gamelab/Grocery%20Delivery%20APP/src/validation/validation.js:24:15)
    at changePassword (file:///D:/belajar/gamelab/Grocery%20Delivery%20APP/src/controller/user-controller.js:193:28)
    at Layer.handle [as handle_request] (D:\belajar\gamelab\Grocery Delivery APP\node_modules\express\lib\router\layer.js:95:5)
    at next (D:\belajar\gamelab\Grocery Delivery APP\node_modules\express\lib\router\route.js:149:13)
    at authentication (file:///D:/belajar/gamelab/Grocery%20Delivery%20APP/src/middleware/auth-middleware.js:15:5)
    at Layer.handle [as handle_request] (D:\belajar\gamelab\Grocery Delivery APP\node_modules\express\lib\router\layer.js:95:5)
    at next (D:\belajar\gamelab\Grocery Delivery APP\node_modules\express\lib\router\route.js:149:13)
    at Route.dispatch (D:\belajar\gamelab\Grocery Delivery APP\node_modules\express\lib\router\route.js:119:3)
    at Layer.handle [as handle_request] (D:\belajar\gamelab\Grocery Delivery APP\node_modules\express\lib\router\layer.js:95:5)
    at D:\belajar\gamelab\Grocery Delivery APP\node_modules\express\lib\router\index.js:284:15
 [LOGGER] 2024-06-08 09:29:41.212 PM ERROR : Error in changePassword function: [object Object]
 [LOGGER] 2024-06-08 09:29:41.214 PM ERROR : Error: [object Object]
    at validate (file:///D:/belajar/gamelab/Grocery%20Delivery%20APP/src/validation/validation.js:24:15)
    at changePassword (file:///D:/belajar/gamelab/Grocery%20Delivery%20APP/src/controller/user-controller.js:193:28)
    at Layer.handle [as handle_request] (D:\belajar\gamelab\Grocery Delivery APP\node_modules\express\lib\router\layer.js:95:5)
    at next (D:\belajar\gamelab\Grocery Delivery APP\node_modules\express\lib\router\route.js:149:13)
    at authentication (file:///D:/belajar/gamelab/Grocery%20Delivery%20APP/src/middleware/auth-middleware.js:15:5)
    at Layer.handle [as handle_request] (D:\belajar\gamelab\Grocery Delivery APP\node_modules\express\lib\router\layer.js:95:5)
    at next (D:\belajar\gamelab\Grocery Delivery APP\node_modules\express\lib\router\route.js:149:13)
    at Route.dispatch (D:\belajar\gamelab\Grocery Delivery APP\node_modules\express\lib\router\route.js:119:3)
    at Layer.handle [as handle_request] (D:\belajar\gamelab\Grocery Delivery APP\node_modules\express\lib\router\layer.js:95:5)
    at D:\belajar\gamelab\Grocery Delivery APP\node_modules\express\lib\router\index.js:284:15
 [LOGGER] 2024-06-08 09:29:49.366 PM ERROR : Error in changePassword function: [object Object]
 [LOGGER] 2024-06-08 09:29:49.369 PM ERROR : Error: [object Object]
    at validate (file:///D:/belajar/gamelab/Grocery%20Delivery%20APP/src/validation/validation.js:24:15)
    at changePassword (file:///D:/belajar/gamelab/Grocery%20Delivery%20APP/src/controller/user-controller.js:193:28)
    at Layer.handle [as handle_request] (D:\belajar\gamelab\Grocery Delivery APP\node_modules\express\lib\router\layer.js:95:5)
    at next (D:\belajar\gamelab\Grocery Delivery APP\node_modules\express\lib\router\route.js:149:13)
    at authentication (file:///D:/belajar/gamelab/Grocery%20Delivery%20APP/src/middleware/auth-middleware.js:15:5)
    at Layer.handle [as handle_request] (D:\belajar\gamelab\Grocery Delivery APP\node_modules\express\lib\router\layer.js:95:5)
    at next (D:\belajar\gamelab\Grocery Delivery APP\node_modules\express\lib\router\route.js:149:13)
    at Route.dispatch (D:\belajar\gamelab\Grocery Delivery APP\node_modules\express\lib\router\route.js:119:3)
    at Layer.handle [as handle_request] (D:\belajar\gamelab\Grocery Delivery APP\node_modules\express\lib\router\layer.js:95:5)
    at D:\belajar\gamelab\Grocery Delivery APP\node_modules\express\lib\router\index.js:284:15
 [LOGGER] 2024-06-08 09:29:55.310 PM ERROR : Error in changePassword function: Password is incorrect
 [LOGGER] 2024-06-08 09:29:55.311 PM ERROR : Error: Password is incorrect
    at changePassword (file:///D:/belajar/gamelab/Grocery%20Delivery%20APP/src/controller/user-controller.js:208:19)
 [LOGGER] 2024-06-08 09:35:00.357 PM ERROR : Error in updateProfile function: User not found
 [LOGGER] 2024-06-08 09:35:00.358 PM ERROR : Error: User not found
    at updateProfile (file:///D:/belajar/gamelab/Grocery%20Delivery%20APP/src/controller/user-controller.js:239:32)
 [LOGGER] 2024-06-08 09:42:18.653 PM ERROR : Error in updateProfile function: Cannot read properties of undefined (reading 'filename')
 [LOGGER] 2024-06-08 09:42:18.655 PM ERROR : TypeError: Cannot read properties of undefined (reading 'filename')
    at updateProfile (file:///D:/belajar/gamelab/Grocery%20Delivery%20APP/src/controller/user-controller.js:236:37)
    at Layer.handle [as handle_request] (D:\belajar\gamelab\Grocery Delivery APP\node_modules\express\lib\router\layer.js:95:5)
    at next (D:\belajar\gamelab\Grocery Delivery APP\node_modules\express\lib\router\route.js:149:13)
    at authentication (file:///D:/belajar/gamelab/Grocery%20Delivery%20APP/src/middleware/auth-middleware.js:15:5)
    at Layer.handle [as handle_request] (D:\belajar\gamelab\Grocery Delivery APP\node_modules\express\lib\router\layer.js:95:5)
    at next (D:\belajar\gamelab\Grocery Delivery APP\node_modules\express\lib\router\route.js:149:13)
    at Route.dispatch (D:\belajar\gamelab\Grocery Delivery APP\node_modules\express\lib\router\route.js:119:3)
    at Layer.handle [as handle_request] (D:\belajar\gamelab\Grocery Delivery APP\node_modules\express\lib\router\layer.js:95:5)
    at D:\belajar\gamelab\Grocery Delivery APP\node_modules\express\lib\router\index.js:284:15
    at param (D:\belajar\gamelab\Grocery Delivery APP\node_modules\express\lib\router\index.js:365:14)
 [LOGGER] 2024-06-08 10:05:43.268 PM ERROR : uncaughtException: uploadUser is not a function
TypeError: uploadUser is not a function
    at file:///D:/belajar/gamelab/Grocery%20Delivery%20APP/src/router/user-routes.js:9:61
    at ModuleJob.run (node:internal/modules/esm/module_job:194:25)
 [LOGGER] 2024-06-08 10:06:37.858 PM ERROR : Error in updateProfile function: [object Object]
 [LOGGER] 2024-06-08 10:06:37.859 PM ERROR : Error: [object Object]
    at validate (file:///D:/belajar/gamelab/Grocery%20Delivery%20APP/src/validation/validation.js:24:15)
    at updateProfile (file:///D:/belajar/gamelab/Grocery%20Delivery%20APP/src/controller/user-controller.js:245:22)
 [LOGGER] 2024-06-08 10:06:54.810 PM ERROR : Error in updateProfile function: ENOENT: no such file or directory, unlink 'uploads/user/default.png'
 [LOGGER] 2024-06-08 10:06:54.811 PM ERROR : Error: ENOENT: no such file or directory, unlink 'uploads/user/default.png'
    at Object.unlinkSync (node:fs:1883:3)
    at updateProfile (file:///D:/belajar/gamelab/Grocery%20Delivery%20APP/src/controller/user-controller.js:251:20)
 [LOGGER] 2024-06-08 10:10:10.700 PM ERROR : Error in updateProfile function: ENOENT: no such file or directory, unlink 'uploads/user/default.png'
 [LOGGER] 2024-06-08 10:10:10.701 PM ERROR : Error: ENOENT: no such file or directory, unlink 'uploads/user/default.png'
    at Object.unlinkSync (node:fs:1883:3)
    at updateProfile (file:///D:/belajar/gamelab/Grocery%20Delivery%20APP/src/controller/user-controller.js:251:20)
 [LOGGER] 2024-06-08 10:15:59.799 PM ERROR : Error in updateProfile function: ENOENT: no such file or directory, unlink 'uploads/user/default.png'
 [LOGGER] 2024-06-08 10:15:59.801 PM ERROR : Error: ENOENT: no such file or directory, unlink 'uploads/user/default.png'
    at Object.unlinkSync (node:fs:1883:3)
    at updateProfile (file:///D:/belajar/gamelab/Grocery%20Delivery%20APP/src/controller/user-controller.js:251:20)
 [LOGGER] 2024-06-08 10:52:08.483 PM ERROR : Error in updateProfile function: ENOENT: no such file or directory, unlink 'uploads/user/1717859906409.png'
 [LOGGER] 2024-06-08 10:52:08.486 PM ERROR : Error: ENOENT: no such file or directory, unlink 'uploads/user/1717859906409.png'
    at Object.unlinkSync (node:fs:1883:3)
    at updateProfile (file:///D:/belajar/gamelab/Grocery%20Delivery%20APP/src/controller/user-controller.js:251:20)
